<?xml version="1.0" encoding="UTF-8"?>
<testng-results ignored="0" total="5" passed="5" failed="0" skipped="0">
  <reporter-output>
  </reporter-output>
  <suite started-at="2021-05-14T00:33:49 NZST" name="Test Suite" finished-at="2021-05-14T00:36:07 NZST" duration-ms="138303">
    <groups>
      <group name="cucumber">
        <method signature="AbstractTestNGCucumberTests.runScenario(io.cucumber.testng.PickleWrapper, io.cucumber.testng.FeatureWrapper)[pri:0, instance:com.example.TestRunner@69fb6037]" name="runScenario" class="io.cucumber.testng.AbstractTestNGCucumberTests"/>
      </group> <!-- cucumber -->
    </groups>
    <test started-at="2021-05-14T00:33:49 NZST" name="Regression Tests" finished-at="2021-05-14T00:36:07 NZST" duration-ms="138303">
      <class name="com.example.TestRunner">
        <test-method is-config="true" signature="setUpClass()[pri:0, instance:com.example.TestRunner@69fb6037]" started-at="2021-05-14T00:33:49 NZST" name="setUpClass" finished-at="2021-05-14T00:33:51 NZST" duration-ms="1843" status="PASS">
          <reporter-output>
          </reporter-output>
        </test-method> <!-- setUpClass -->
        <test-method signature="runScenario(io.cucumber.testng.PickleWrapper, io.cucumber.testng.FeatureWrapper)[pri:0, instance:com.example.TestRunner@69fb6037]" started-at="2021-05-14T00:33:51 NZST" name="runScenario" description="Runs Cucumber Scenarios" data-provider="scenarios" finished-at="2021-05-14T00:34:21 NZST" duration-ms="29893" status="PASS">
          <params>
            <param index="0">
              <value>
                <![CDATA["Validate that a Xero user can add an ANZ NZ Bank Account to a Xero Organization(account type = Everyday Day to Day)"]]>
              </value>
            </param>
            <param index="1">
              <value>
                <![CDATA["Optional.empty"]]>
              </value>
            </param>
          </params>
          <reporter-output>
          </reporter-output>
        </test-method> <!-- runScenario -->
        <test-method signature="runScenario(io.cucumber.testng.PickleWrapper, io.cucumber.testng.FeatureWrapper)[pri:0, instance:com.example.TestRunner@69fb6037]" started-at="2021-05-14T00:34:21 NZST" name="runScenario" description="Runs Cucumber Scenarios" data-provider="scenarios" finished-at="2021-05-14T00:34:47 NZST" duration-ms="25742" status="PASS">
          <params>
            <param index="0">
              <value>
                <![CDATA["Validate that a Xero user can add an ANZ NZ Bank Account to a Xero Organization(account type = Loan)"]]>
              </value>
            </param>
            <param index="1">
              <value>
                <![CDATA["Optional.empty"]]>
              </value>
            </param>
          </params>
          <reporter-output>
          </reporter-output>
        </test-method> <!-- runScenario -->
        <test-method signature="runScenario(io.cucumber.testng.PickleWrapper, io.cucumber.testng.FeatureWrapper)[pri:0, instance:com.example.TestRunner@69fb6037]" started-at="2021-05-14T00:34:47 NZST" name="runScenario" description="Runs Cucumber Scenarios" data-provider="scenarios" finished-at="2021-05-14T00:35:11 NZST" duration-ms="24334" status="PASS">
          <params>
            <param index="0">
              <value>
                <![CDATA["Validate that a Xero user can add an ANZ NZ Bank Account to a Xero Organization(account type = Term Deposit)"]]>
              </value>
            </param>
            <param index="1">
              <value>
                <![CDATA["Optional.empty"]]>
              </value>
            </param>
          </params>
          <reporter-output>
          </reporter-output>
        </test-method> <!-- runScenario -->
        <test-method signature="runScenario(io.cucumber.testng.PickleWrapper, io.cucumber.testng.FeatureWrapper)[pri:0, instance:com.example.TestRunner@69fb6037]" started-at="2021-05-14T00:35:11 NZST" name="runScenario" description="Runs Cucumber Scenarios" data-provider="scenarios" finished-at="2021-05-14T00:35:37 NZST" duration-ms="25625" status="PASS">
          <params>
            <param index="0">
              <value>
                <![CDATA["Validate that a Xero user can add an ANZ NZ Bank Account to a Xero Organization(account type = Other)"]]>
              </value>
            </param>
            <param index="1">
              <value>
                <![CDATA["Optional.empty"]]>
              </value>
            </param>
          </params>
          <reporter-output>
          </reporter-output>
        </test-method> <!-- runScenario -->
        <test-method signature="runScenario(io.cucumber.testng.PickleWrapper, io.cucumber.testng.FeatureWrapper)[pri:0, instance:com.example.TestRunner@69fb6037]" started-at="2021-05-14T00:35:37 NZST" name="runScenario" description="Runs Cucumber Scenarios" data-provider="scenarios" finished-at="2021-05-14T00:36:03 NZST" duration-ms="26000" status="PASS">
          <params>
            <param index="0">
              <value>
                <![CDATA["Validate that a Xero user can add an ANZ NZ Bank Account to a Xero Organization(account type = Credit Card)"]]>
              </value>
            </param>
            <param index="1">
              <value>
                <![CDATA["Optional.empty"]]>
              </value>
            </param>
          </params>
          <reporter-output>
          </reporter-output>
        </test-method> <!-- runScenario -->
        <test-method is-config="true" signature="tearDownClass()[pri:0, instance:com.example.TestRunner@69fb6037]" started-at="2021-05-14T00:36:03 NZST" name="tearDownClass" finished-at="2021-05-14T00:36:07 NZST" duration-ms="4813" status="PASS">
          <reporter-output>
          </reporter-output>
        </test-method> <!-- tearDownClass -->
      </class> <!-- com.example.TestRunner -->
    </test> <!-- Regression Tests -->
  </suite> <!-- Test Suite -->
</testng-results>
