<?xml version="1.0" encoding="UTF-8"?>
<testsuite xmlns:xsi="http://www.w3.org/2001/XMLSchema-instance" xsi:noNamespaceSchemaLocation="https://maven.apache.org/surefire/maven-surefire-plugin/xsd/surefire-test-report-3.0.xsd" version="3.0" name="TestSuite" time="141.67" tests="5" errors="0" skipped="0" failures="0">
  <properties>
[...]
</properties>
  <testcase name="runScenario[&quot;Validate that a Xero user can add an ANZ NZ Bank Account to a Xero Organization(account type = Everyday Day to Day)&quot;, &quot;Optional.empty&quot;](1)" classname="com.example.TestRunner" time="30.202">
    <system-out><![CDATA[
@xero
Scenario Outline: Validate that a Xero user can add an ANZ NZ Bank Account to a Xero Organization(account type = Everyday Day to Day) &amp#27;[90m# src/test/resources/features/Xero.feature:25&amp#27;[0m
  &amp#27;[32mGiven &amp#27;[0m&amp#27;[32mLaunch Application&amp#27;[0m                                                                                                            &amp#27;[90m# com.example.StepDefinitions.LoginStepDefs.openApplication()&amp#27;[0m
  &amp#27;[32mGiven &amp#27;[0m&amp#27;[32mUser enters &amp#27;[0m&amp#27;[32m&amp#27;[1mpaolo.dominic.mondelo@gmail.com&amp#27;[0m&amp#27;[32m and &amp#27;[0m&amp#27;[32m&amp#27;[1m8073380a&amp#27;[0m                                                                      &amp#27;[90m# com.example.StepDefinitions.LoginStepDefs.userEntersUsernameAndPassword(java.lang.String,java.lang.String)&amp#27;[0m
  &amp#27;[32mAnd &amp#27;[0m&amp#27;[32mUser clicks on submit button&amp#27;[0m                                                                                                    &amp#27;[90m# com.example.StepDefinitions.LoginStepDefs.userClicksOnSubmitButton()&amp#27;[0m
  &amp#27;[32mAnd &amp#27;[0m&amp#27;[32mSkips the setup security layer&amp#27;[0m                                                                                                  &amp#27;[90m# com.example.StepDefinitions.LoginStepDefs.skipsTheSetupSecurityLayer()&amp#27;[0m
  &amp#27;[32mWhen &amp#27;[0m&amp#27;[32mThe user visits the accounting page&amp#27;[0m                                                                                            &amp#27;[90m# com.example.StepDefinitions.AccountingStepDefs.theUserVisitsTheAccountingPage()&amp#27;[0m
Bank accounts
  &amp#27;[32mAnd &amp#27;[0m&amp#27;[32mVisits the Bank Accounts page&amp#27;[0m                                                                                                   &amp#27;[90m# com.example.StepDefinitions.BankAccountStepDefs.visitsTheBankAccountsPage()&amp#27;[0m
  &amp#27;[32mAnd &amp#27;[0m&amp#27;[32mSelects ANZ-NZ as bank&amp#27;[0m                                                                                                          &amp#27;[90m# com.example.StepDefinitions.BankAccountStepDefs.selectsANZNZAsBank()&amp#27;[0m
BA1872172785
BA1872172785
  &amp#27;[32mAnd &amp#27;[0m&amp#27;[32mEnters account name with prefix of &amp#27;[0m&amp#27;[32m&amp#27;[1mBA&amp#27;[0m                                                                                           &amp#27;[90m# com.example.StepDefinitions.BankAccountStepDefs.entersAccountName(java.lang.String)&amp#27;[0m
  &amp#27;[32mAnd &amp#27;[0m&amp#27;[32mEnters account type = Everyday Day to Day&amp#27;[0m                                                                                       &amp#27;[90m# com.example.StepDefinitions.BankAccountStepDefs.entersAccountTypeEverydayDayToDay()&amp#27;[0m
  &amp#27;[32mAnd &amp#27;[0m&amp#27;[32mEnters account number &amp#27;[0m&amp#27;[32m&amp#27;[1msds2342342342&amp#27;[0m&amp#27;[32m and click continue&amp#27;[0m                                                                          &amp#27;[90m# com.example.StepDefinitions.BankAccountStepDefs.entersAccountNumberAccountnumber(java.lang.String)&amp#27;[0m
   BA1872172785 has been added.
  &amp#27;[32mThen &amp#27;[0m&amp#27;[32mBank account should be successfully created&amp#27;[0m                                                                                    &amp#27;[90m# com.example.StepDefinitions.BankAccountStepDefs.bankAccountShouldBeSuccessfullyCreated()&amp#27;[0m
]]></system-out>
    <system-err><![CDATA[Starting ChromeDriver 90.0.4430.24 (4c6d850f087da467d926e8eddb76550aed655991-refs/branch-heads/4430@{#429}) on port 37248
Only local connections are allowed.
Please see https://chromedriver.chromium.org/security-considerations for suggestions on keeping ChromeDriver safe.
ChromeDriver was started successfully.
May 14, 2021 12:33:55 AM org.openqa.selenium.remote.ProtocolHandshake createSession
INFO: Detected dialect: W3C
]]></system-err>
  </testcase>
  <testcase name="runScenario[&quot;Validate that a Xero user can add an ANZ NZ Bank Account to a Xero Organization(account type = Loan)&quot;, &quot;Optional.empty&quot;](2)" classname="com.example.TestRunner" time="25.683">
    <system-out><![CDATA[
@xero
Scenario Outline: Validate that a Xero user can add an ANZ NZ Bank Account to a Xero Organization(account type = Loan) &amp#27;[90m# src/test/resources/features/Xero.feature:42&amp#27;[0m
  &amp#27;[32mGiven &amp#27;[0m&amp#27;[32mLaunch Application&amp#27;[0m                                                                                             &amp#27;[90m# com.example.StepDefinitions.LoginStepDefs.openApplication()&amp#27;[0m
  &amp#27;[32mGiven &amp#27;[0m&amp#27;[32mUser enters &amp#27;[0m&amp#27;[32m&amp#27;[1mpaolo.dominic.mondelo@gmail.com&amp#27;[0m&amp#27;[32m and &amp#27;[0m&amp#27;[32m&amp#27;[1m8073380a&amp#27;[0m                                                       &amp#27;[90m# com.example.StepDefinitions.LoginStepDefs.userEntersUsernameAndPassword(java.lang.String,java.lang.String)&amp#27;[0m
  &amp#27;[32mAnd &amp#27;[0m&amp#27;[32mUser clicks on submit button&amp#27;[0m                                                                                     &amp#27;[90m# com.example.StepDefinitions.LoginStepDefs.userClicksOnSubmitButton()&amp#27;[0m
  &amp#27;[32mAnd &amp#27;[0m&amp#27;[32mSkips the setup security layer&amp#27;[0m                                                                                   &amp#27;[90m# com.example.StepDefinitions.LoginStepDefs.skipsTheSetupSecurityLayer()&amp#27;[0m
  &amp#27;[32mWhen &amp#27;[0m&amp#27;[32mThe user visits the accounting page&amp#27;[0m                                                                             &amp#27;[90m# com.example.StepDefinitions.AccountingStepDefs.theUserVisitsTheAccountingPage()&amp#27;[0m
Bank accounts
  &amp#27;[32mAnd &amp#27;[0m&amp#27;[32mVisits the Bank Accounts page&amp#27;[0m                                                                                    &amp#27;[90m# com.example.StepDefinitions.BankAccountStepDefs.visitsTheBankAccountsPage()&amp#27;[0m
  &amp#27;[32mAnd &amp#27;[0m&amp#27;[32mSelects ANZ-NZ as bank&amp#27;[0m                                                                                           &amp#27;[90m# com.example.StepDefinitions.BankAccountStepDefs.selectsANZNZAsBank()&amp#27;[0m
BA1296120418
BA1296120418
  &amp#27;[32mAnd &amp#27;[0m&amp#27;[32mEnters account name with prefix of &amp#27;[0m&amp#27;[32m&amp#27;[1mBA&amp#27;[0m                                                                            &amp#27;[90m# com.example.StepDefinitions.BankAccountStepDefs.entersAccountName(java.lang.String)&amp#27;[0m
  &amp#27;[32mAnd &amp#27;[0m&amp#27;[32mEnters account type = Loan&amp#27;[0m                                                                                       &amp#27;[90m# com.example.StepDefinitions.BankAccountStepDefs.entersAccountTypeLoan()&amp#27;[0m
  &amp#27;[32mAnd &amp#27;[0m&amp#27;[32mEnters account number &amp#27;[0m&amp#27;[32m&amp#27;[1msds2342342342&amp#27;[0m&amp#27;[32m and click continue&amp#27;[0m                                                           &amp#27;[90m# com.example.StepDefinitions.BankAccountStepDefs.entersAccountNumberAccountnumber(java.lang.String)&amp#27;[0m
   BA1296120418 has been added.
  &amp#27;[32mThen &amp#27;[0m&amp#27;[32mBank account should be successfully created&amp#27;[0m                                                                     &amp#27;[90m# com.example.StepDefinitions.BankAccountStepDefs.bankAccountShouldBeSuccessfullyCreated()&amp#27;[0m
]]></system-out>
    <system-err><![CDATA[Starting ChromeDriver 90.0.4430.24 (4c6d850f087da467d926e8eddb76550aed655991-refs/branch-heads/4430@{#429}) on port 4191
Only local connections are allowed.
Please see https://chromedriver.chromium.org/security-considerations for suggestions on keeping ChromeDriver safe.
ChromeDriver was started successfully.
May 14, 2021 12:34:23 AM org.openqa.selenium.remote.ProtocolHandshake createSession
INFO: Detected dialect: W3C
]]></system-err>
  </testcase>
  <testcase name="runScenario[&quot;Validate that a Xero user can add an ANZ NZ Bank Account to a Xero Organization(account type = Term Deposit)&quot;, &quot;Optional.empty&quot;](3)" classname="com.example.TestRunner" time="24.332">
    <system-out><![CDATA[
@xero
Scenario Outline: Validate that a Xero user can add an ANZ NZ Bank Account to a Xero Organization(account type = Term Deposit) &amp#27;[90m# src/test/resources/features/Xero.feature:59&amp#27;[0m
  &amp#27;[32mGiven &amp#27;[0m&amp#27;[32mLaunch Application&amp#27;[0m                                                                                                     &amp#27;[90m# com.example.StepDefinitions.LoginStepDefs.openApplication()&amp#27;[0m
  &amp#27;[32mGiven &amp#27;[0m&amp#27;[32mUser enters &amp#27;[0m&amp#27;[32m&amp#27;[1mpaolo.dominic.mondelo@gmail.com&amp#27;[0m&amp#27;[32m and &amp#27;[0m&amp#27;[32m&amp#27;[1m8073380a&amp#27;[0m                                                               &amp#27;[90m# com.example.StepDefinitions.LoginStepDefs.userEntersUsernameAndPassword(java.lang.String,java.lang.String)&amp#27;[0m
  &amp#27;[32mAnd &amp#27;[0m&amp#27;[32mUser clicks on submit button&amp#27;[0m                                                                                             &amp#27;[90m# com.example.StepDefinitions.LoginStepDefs.userClicksOnSubmitButton()&amp#27;[0m
  &amp#27;[32mAnd &amp#27;[0m&amp#27;[32mSkips the setup security layer&amp#27;[0m                                                                                           &amp#27;[90m# com.example.StepDefinitions.LoginStepDefs.skipsTheSetupSecurityLayer()&amp#27;[0m
  &amp#27;[32mWhen &amp#27;[0m&amp#27;[32mThe user visits the accounting page&amp#27;[0m                                                                                     &amp#27;[90m# com.example.StepDefinitions.AccountingStepDefs.theUserVisitsTheAccountingPage()&amp#27;[0m
Bank accounts
  &amp#27;[32mAnd &amp#27;[0m&amp#27;[32mVisits the Bank Accounts page&amp#27;[0m                                                                                            &amp#27;[90m# com.example.StepDefinitions.BankAccountStepDefs.visitsTheBankAccountsPage()&amp#27;[0m
  &amp#27;[32mAnd &amp#27;[0m&amp#27;[32mSelects ANZ-NZ as bank&amp#27;[0m                                                                                                   &amp#27;[90m# com.example.StepDefinitions.BankAccountStepDefs.selectsANZNZAsBank()&amp#27;[0m
BA602194660
BA602194660
  &amp#27;[32mAnd &amp#27;[0m&amp#27;[32mEnters account name with prefix of &amp#27;[0m&amp#27;[32m&amp#27;[1mBA&amp#27;[0m                                                                                    &amp#27;[90m# com.example.StepDefinitions.BankAccountStepDefs.entersAccountName(java.lang.String)&amp#27;[0m
  &amp#27;[32mAnd &amp#27;[0m&amp#27;[32mEnters account type = Term Deposit&amp#27;[0m                                                                                       &amp#27;[90m# com.example.StepDefinitions.BankAccountStepDefs.entersAccountTypeTermDeposit()&amp#27;[0m
  &amp#27;[32mAnd &amp#27;[0m&amp#27;[32mEnters account number &amp#27;[0m&amp#27;[32m&amp#27;[1msds2342342342&amp#27;[0m&amp#27;[32m and click continue&amp#27;[0m                                                                   &amp#27;[90m# com.example.StepDefinitions.BankAccountStepDefs.entersAccountNumberAccountnumber(java.lang.String)&amp#27;[0m
   BA602194660 has been added.
  &amp#27;[32mThen &amp#27;[0m&amp#27;[32mBank account should be successfully created&amp#27;[0m                                                                             &amp#27;[90m# com.example.StepDefinitions.BankAccountStepDefs.bankAccountShouldBeSuccessfullyCreated()&amp#27;[0m
]]></system-out>
    <system-err><![CDATA[Starting ChromeDriver 90.0.4430.24 (4c6d850f087da467d926e8eddb76550aed655991-refs/branch-heads/4430@{#429}) on port 23894
Only local connections are allowed.
Please see https://chromedriver.chromium.org/security-considerations for suggestions on keeping ChromeDriver safe.
ChromeDriver was started successfully.
May 14, 2021 12:34:49 AM org.openqa.selenium.remote.ProtocolHandshake createSession
INFO: Detected dialect: W3C
]]></system-err>
  </testcase>
  <testcase name="runScenario[&quot;Validate that a Xero user can add an ANZ NZ Bank Account to a Xero Organization(account type = Other)&quot;, &quot;Optional.empty&quot;](4)" classname="com.example.TestRunner" time="25.641">
    <system-out><![CDATA[
@xero
Scenario Outline: Validate that a Xero user can add an ANZ NZ Bank Account to a Xero Organization(account type = Other) &amp#27;[90m# src/test/resources/features/Xero.feature:76&amp#27;[0m
  &amp#27;[32mGiven &amp#27;[0m&amp#27;[32mLaunch Application&amp#27;[0m                                                                                              &amp#27;[90m# com.example.StepDefinitions.LoginStepDefs.openApplication()&amp#27;[0m
  &amp#27;[32mGiven &amp#27;[0m&amp#27;[32mUser enters &amp#27;[0m&amp#27;[32m&amp#27;[1mpaolo.dominic.mondelo@gmail.com&amp#27;[0m&amp#27;[32m and &amp#27;[0m&amp#27;[32m&amp#27;[1m8073380a&amp#27;[0m                                                        &amp#27;[90m# com.example.StepDefinitions.LoginStepDefs.userEntersUsernameAndPassword(java.lang.String,java.lang.String)&amp#27;[0m
  &amp#27;[32mAnd &amp#27;[0m&amp#27;[32mUser clicks on submit button&amp#27;[0m                                                                                      &amp#27;[90m# com.example.StepDefinitions.LoginStepDefs.userClicksOnSubmitButton()&amp#27;[0m
  &amp#27;[32mAnd &amp#27;[0m&amp#27;[32mSkips the setup security layer&amp#27;[0m                                                                                    &amp#27;[90m# com.example.StepDefinitions.LoginStepDefs.skipsTheSetupSecurityLayer()&amp#27;[0m
  &amp#27;[32mWhen &amp#27;[0m&amp#27;[32mThe user visits the accounting page&amp#27;[0m                                                                              &amp#27;[90m# com.example.StepDefinitions.AccountingStepDefs.theUserVisitsTheAccountingPage()&amp#27;[0m
Bank accounts
  &amp#27;[32mAnd &amp#27;[0m&amp#27;[32mVisits the Bank Accounts page&amp#27;[0m                                                                                     &amp#27;[90m# com.example.StepDefinitions.BankAccountStepDefs.visitsTheBankAccountsPage()&amp#27;[0m
  &amp#27;[32mAnd &amp#27;[0m&amp#27;[32mSelects ANZ-NZ as bank&amp#27;[0m                                                                                            &amp#27;[90m# com.example.StepDefinitions.BankAccountStepDefs.selectsANZNZAsBank()&amp#27;[0m
BA943188736
BA943188736
  &amp#27;[32mAnd &amp#27;[0m&amp#27;[32mEnters account name with prefix of &amp#27;[0m&amp#27;[32m&amp#27;[1mBA&amp#27;[0m                                                                             &amp#27;[90m# com.example.StepDefinitions.BankAccountStepDefs.entersAccountName(java.lang.String)&amp#27;[0m
  &amp#27;[32mAnd &amp#27;[0m&amp#27;[32mEnters account type = Other&amp#27;[0m                                                                                       &amp#27;[90m# com.example.StepDefinitions.BankAccountStepDefs.entersAccountTypeOther()&amp#27;[0m
  &amp#27;[32mAnd &amp#27;[0m&amp#27;[32mEnters account number &amp#27;[0m&amp#27;[32m&amp#27;[1msds2342342342&amp#27;[0m&amp#27;[32m and click continue&amp#27;[0m                                                            &amp#27;[90m# com.example.StepDefinitions.BankAccountStepDefs.entersAccountNumberAccountnumber(java.lang.String)&amp#27;[0m
   BA943188736 has been added.
  &amp#27;[32mThen &amp#27;[0m&amp#27;[32mBank account should be successfully created&amp#27;[0m                                                                      &amp#27;[90m# com.example.StepDefinitions.BankAccountStepDefs.bankAccountShouldBeSuccessfullyCreated()&amp#27;[0m
]]></system-out>
    <system-err><![CDATA[Starting ChromeDriver 90.0.4430.24 (4c6d850f087da467d926e8eddb76550aed655991-refs/branch-heads/4430@{#429}) on port 14228
Only local connections are allowed.
Please see https://chromedriver.chromium.org/security-considerations for suggestions on keeping ChromeDriver safe.
ChromeDriver was started successfully.
May 14, 2021 12:35:13 AM org.openqa.selenium.remote.ProtocolHandshake createSession
INFO: Detected dialect: W3C
]]></system-err>
  </testcase>
  <testcase name="runScenario[&quot;Validate that a Xero user can add an ANZ NZ Bank Account to a Xero Organization(account type = Credit Card)&quot;, &quot;Optional.empty&quot;](5)" classname="com.example.TestRunner" time="26.28">
    <system-out><![CDATA[
@xero
Scenario Outline: Validate that a Xero user can add an ANZ NZ Bank Account to a Xero Organization(account type = Credit Card) &amp#27;[90m# src/test/resources/features/Xero.feature:93&amp#27;[0m
  &amp#27;[32mGiven &amp#27;[0m&amp#27;[32mLaunch Application&amp#27;[0m                                                                                                    &amp#27;[90m# com.example.StepDefinitions.LoginStepDefs.openApplication()&amp#27;[0m
  &amp#27;[32mGiven &amp#27;[0m&amp#27;[32mUser enters &amp#27;[0m&amp#27;[32m&amp#27;[1mpaolo.dominic.mondelo@gmail.com&amp#27;[0m&amp#27;[32m and &amp#27;[0m&amp#27;[32m&amp#27;[1m8073380a&amp#27;[0m                                                              &amp#27;[90m# com.example.StepDefinitions.LoginStepDefs.userEntersUsernameAndPassword(java.lang.String,java.lang.String)&amp#27;[0m
  &amp#27;[32mAnd &amp#27;[0m&amp#27;[32mUser clicks on submit button&amp#27;[0m                                                                                            &amp#27;[90m# com.example.StepDefinitions.LoginStepDefs.userClicksOnSubmitButton()&amp#27;[0m
  &amp#27;[32mAnd &amp#27;[0m&amp#27;[32mSkips the setup security layer&amp#27;[0m                                                                                          &amp#27;[90m# com.example.StepDefinitions.LoginStepDefs.skipsTheSetupSecurityLayer()&amp#27;[0m
  &amp#27;[32mWhen &amp#27;[0m&amp#27;[32mThe user visits the accounting page&amp#27;[0m                                                                                    &amp#27;[90m# com.example.StepDefinitions.AccountingStepDefs.theUserVisitsTheAccountingPage()&amp#27;[0m
Bank accounts
  &amp#27;[32mAnd &amp#27;[0m&amp#27;[32mVisits the Bank Accounts page&amp#27;[0m                                                                                           &amp#27;[90m# com.example.StepDefinitions.BankAccountStepDefs.visitsTheBankAccountsPage()&amp#27;[0m
  &amp#27;[32mAnd &amp#27;[0m&amp#27;[32mSelects ANZ-NZ as bank&amp#27;[0m                                                                                                  &amp#27;[90m# com.example.StepDefinitions.BankAccountStepDefs.selectsANZNZAsBank()&amp#27;[0m
BA339504994
BA339504994
  &amp#27;[32mAnd &amp#27;[0m&amp#27;[32mEnters account name with prefix of &amp#27;[0m&amp#27;[32m&amp#27;[1mBA&amp#27;[0m                                                                                   &amp#27;[90m# com.example.StepDefinitions.BankAccountStepDefs.entersAccountName(java.lang.String)&amp#27;[0m
  &amp#27;[32mAnd &amp#27;[0m&amp#27;[32mEnters account type = Credit Card&amp#27;[0m                                                                                       &amp#27;[90m# com.example.StepDefinitions.BankAccountStepDefs.entersAccountTypeCreditCard()&amp#27;[0m
  &amp#27;[32mAnd &amp#27;[0m&amp#27;[32mEnters Credit Card Number &amp#27;[0m&amp#27;[32m&amp#27;[1m7777&amp#27;[0m&amp#27;[32m and click continue&amp#27;[0m                                                                       &amp#27;[90m# com.example.StepDefinitions.BankAccountStepDefs.entersCreditCardNumberCreditcardnumAndClickContinue(java.lang.String)&amp#27;[0m
   BA339504994 has been added.
  &amp#27;[32mThen &amp#27;[0m&amp#27;[32mBank account should be successfully created&amp#27;[0m                                                                            &amp#27;[90m# com.example.StepDefinitions.BankAccountStepDefs.bankAccountShouldBeSuccessfullyCreated()&amp#27;[0m
]]></system-out>
    <system-err><![CDATA[Starting ChromeDriver 90.0.4430.24 (4c6d850f087da467d926e8eddb76550aed655991-refs/branch-heads/4430@{#429}) on port 28742
Only local connections are allowed.
Please see https://chromedriver.chromium.org/security-considerations for suggestions on keeping ChromeDriver safe.
ChromeDriver was started successfully.
May 14, 2021 12:35:39 AM org.openqa.selenium.remote.ProtocolHandshake createSession
INFO: Detected dialect: W3C
]]></system-err>
  </testcase>
</testsuite>